#
# A fatal error has been detected by the Java Runtime Environment:
#
#  EXCEPTION_ACCESS_VIOLATION (0xc0000005) at pc=0x000000006be42be0, pid=6576, tid=5508
#
# JRE version: Java(TM) SE Runtime Environment (8.0_65-b17) (build 1.8.0_65-b17)
# Java VM: Java HotSpot(TM) 64-Bit Server VM (25.65-b01 mixed mode windows-amd64 compressed oops)
# Problematic frame:
# C  0x000000006be42be0
#
# Failed to write core dump. Minidumps are not enabled by default on client versions of Windows
#
# If you would like to submit a bug report, please visit:
#   http://bugreport.java.com/bugreport/crash.jsp
# The crash happened outside the Java Virtual Machine in native code.
# See problematic frame for where to report the bug.
#

---------------  T H R E A D  ---------------

Current thread (0x00000000175b9000):  JavaThread "Secondary finalizer" [_thread_in_native, id=5508, stack(0x000000001b820000,0x000000001b920000)]

siginfo: ExceptionCode=0xc0000005, ExceptionInformation=0x0000000000000008 0x000000006be42be0

Registers:
RAX=0x000000006be42be0, RBX=0x000000001a2ec180, RCX=0x00000000175b91f8, RDX=0x000000001b91f3d0
RSP=0x000000001b91f328, RBP=0x000000001b91f3b0, RSI=0x0000000011000030, RDI=0x0000000000065d70
R8 =0x0000000000000009, R9 =0x00000000ec0a93d0, R10=0x00000000032c690b, R11=0x0000000070369450
R12=0x0000000000000000, R13=0x000000001a2ec180, R14=0x000000001b91f3d0, R15=0x00000000175b9000
RIP=0x000000006be42be0, EFLAGS=0x0000000000010287

Top of Stack: (sp=0x000000001b91f328)
0x000000001b91f328:   00000000032c6937 0000000015163158
0x000000001b91f338:   0000000000000000 0000000015162648
0x000000001b91f348:   0000000000000000 000000001b91f368
0x000000001b91f358:   000000001b91f3c0 0000000000000000
0x000000001b91f368:   00000000ec0a93d0 000000001b91f360
0x000000001b91f378:   0000000000000000 000000001b91f3d0
0x000000001b91f388:   000000001a317d38 0000000000000000
0x000000001b91f398:   000000001a2ec180 0000000000000000
0x000000001b91f3a8:   000000001b91f3d0 000000001b91f438
0x000000001b91f3b8:   00000000032b7ced 0000000000000000
0x000000001b91f3c8:   00000000032bf978 00000000ec0a93d0
0x000000001b91f3d8:   0000000000000009 0000000000000000
0x000000001b91f3e8:   0000000000000009 00000000ec0a93d0
0x000000001b91f3f8:   000000001b91f3d8 000000001a2e6f5e
0x000000001b91f408:   000000001b91f470 000000001a317548
0x000000001b91f418:   0000000000000000 000000001a2e6ff8 

Instructions: (pc=0x000000006be42be0)
0x000000006be42bc0:   
[error occurred during error reporting (printing registers, top of stack, instructions near pc), id 0xc0000005]

Register to memory mapping:

RAX=0x000000006be42be0 is an unknown value
RBX={method} {0x000000001a2ec188} 'free_functions' '()V' in 'org/sqlite/core/NativeDB'
RCX=0x00000000175b91f8 is an unknown value
RDX=0x000000001b91f3d0 is pointing into the stack for thread: 0x00000000175b9000
RSP=0x000000001b91f328 is pointing into the stack for thread: 0x00000000175b9000
RBP=0x000000001b91f3b0 is pointing into the stack for thread: 0x00000000175b9000
RSI=0x0000000011000030 is an unknown value
RDI=0x0000000000065d70 is an unknown value
R8 =0x0000000000000009 is an unknown value
R9 =0x00000000ec0a93d0 is an oop
org.sqlite.core.NativeDB 
 - klass: 'org/sqlite/core/NativeDB'
R10=0x00000000032c690b is at code_begin+1227 in an Interpreter codelet
method entry point (kind = native_synchronized)  [0x00000000032c6440, 0x00000000032c6f20]  2784 bytes
R11=0x0000000070369450 is an unknown value
R12=0x0000000000000000 is an unknown value
R13={method} {0x000000001a2ec188} 'free_functions' '()V' in 'org/sqlite/core/NativeDB'
R14=0x000000001b91f3d0 is pointing into the stack for thread: 0x00000000175b9000
R15=0x00000000175b9000 is a thread


Stack: [0x000000001b820000,0x000000001b920000],  sp=0x000000001b91f328,  free space=1020k
Native frames: (J=compiled Java code, j=interpreted, Vv=VM code, C=native code)
C  0x000000006be42be0

Java frames: (J=compiled Java code, j=interpreted, Vv=VM code)
j  org.sqlite.core.NativeDB.free_functions()V+0
j  org.sqlite.core.DB.close()V+102
j  org.sqlite.core.CoreConnection.close()V+26
j  org.sqlite.core.CoreConnection.finalize()V+1
j  java.lang.System$2.invokeFinalize(Ljava/lang/Object;)V+1
j  java.lang.ref.Finalizer.runFinalizer(Lsun/misc/JavaLangAccess;)V+46
j  java.lang.ref.Finalizer.access$100(Ljava/lang/ref/Finalizer;Lsun/misc/JavaLangAccess;)V+2
j  java.lang.ref.Finalizer$3.run()V+58
j  java.lang.Thread.run()V+11
v  ~StubRoutines::call_stub

---------------  P R O C E S S  ---------------

Java Threads: ( => current thread )
=>0x00000000175b9000 JavaThread "Secondary finalizer" [_thread_in_native, id=5508, stack(0x000000001b820000,0x000000001b920000)]
  0x0000000017e82000 JavaThread "TC Event Thread" daemon [_thread_blocked, id=1820, stack(0x000000001a050000,0x000000001a150000)]
  0x000000000196d800 JavaThread "DestroyJavaVM" [_thread_blocked, id=5744, stack(0x00000000030a0000,0x00000000031a0000)]
  0x0000000017651800 JavaThread "AWT-EventQueue-0" [_thread_blocked, id=8952, stack(0x0000000018860000,0x0000000018960000)]
  0x00000000175b8000 JavaThread "AWT-Shutdown" [_thread_blocked, id=3544, stack(0x00000000185a0000,0x00000000186a0000)]
  0x00000000175b6800 JavaThread "Java2D Disposer" daemon [_thread_blocked, id=1156, stack(0x00000000184a0000,0x00000000185a0000)]
  0x0000000017290800 JavaThread "Service Thread" daemon [_thread_blocked, id=2168, stack(0x0000000017660000,0x0000000017760000)]
  0x0000000015918000 JavaThread "C1 CompilerThread2" daemon [_thread_blocked, id=2084, stack(0x0000000017160000,0x0000000017260000)]
  0x0000000015911800 JavaThread "C2 CompilerThread1" daemon [_thread_blocked, id=7348, stack(0x0000000017060000,0x0000000017160000)]
  0x000000001590e000 JavaThread "C2 CompilerThread0" daemon [_thread_blocked, id=3412, stack(0x0000000016f60000,0x0000000017060000)]
  0x000000001590b000 JavaThread "Attach Listener" daemon [_thread_blocked, id=7624, stack(0x0000000016e60000,0x0000000016f60000)]
  0x0000000015909800 JavaThread "Signal Dispatcher" daemon [_thread_blocked, id=3004, stack(0x0000000016d60000,0x0000000016e60000)]
  0x00000000032a6000 JavaThread "Finalizer" daemon [_thread_blocked, id=8500, stack(0x0000000016b60000,0x0000000016c60000)]
  0x000000000329d000 JavaThread "Reference Handler" daemon [_thread_blocked, id=6956, stack(0x0000000016a60000,0x0000000016b60000)]

Other Threads:
  0x00000000158d7800 VMThread [stack: 0x0000000016960000,0x0000000016a60000] [id=7572]
  0x0000000017294000 WatcherThread [stack: 0x0000000017760000,0x0000000017860000] [id=8564]

VM state:not at safepoint (normal execution)

VM Mutex/Monitor currently owned by a thread: None

Heap:
 PSYoungGen      total 18944K, used 4769K [0x00000000eaf00000, 0x00000000ec400000, 0x0000000100000000)
  eden space 16384K, 13% used [0x00000000eaf00000,0x00000000eb1287d0,0x00000000ebf00000)
  from space 2560K, 99% used [0x00000000ebf00000,0x00000000ec17fe90,0x00000000ec180000)
  to   space 2560K, 0% used [0x00000000ec180000,0x00000000ec180000,0x00000000ec400000)
 ParOldGen       total 44032K, used 4615K [0x00000000c0c00000, 0x00000000c3700000, 0x00000000eaf00000)
  object space 44032K, 10% used [0x00000000c0c00000,0x00000000c1081f40,0x00000000c3700000)
 Metaspace       used 11598K, capacity 11878K, committed 12160K, reserved 1060864K
  class space    used 1277K, capacity 1376K, committed 1408K, reserved 1048576K

Card table byte_map: [0x0000000012670000,0x0000000012870000] byte_map_base: 0x000000001206a000

Marking Bits: (ParMarkBitMap*) 0x000000007094a5b0
 Begin Bits: [0x0000000012dd0000, 0x0000000013da0000)
 End Bits:   [0x0000000013da0000, 0x0000000014d70000)

Polling page: 0x00000000018d0000

CodeCache: size=245760Kb used=3453Kb max_used=3463Kb free=242306Kb
 bounds [0x00000000032b0000, 0x0000000003620000, 0x00000000122b0000]
 total_blobs=1280 nmethods=799 adapters=394
 compilation: enabled

Compilation events (10 events):
Event: 79.900 Thread 0x0000000015911800  795       4       java.util.concurrent.locks.ReentrantLock$NonfairSync::lock (25 bytes)
Event: 79.901 Thread 0x0000000015911800 nmethod 795 0x0000000003609f90 code [0x000000000360a0e0, 0x000000000360a1a8]
Event: 80.629 Thread 0x000000001590e000  796       4       java.security.AccessControlContext::optimize (318 bytes)
Event: 80.631 Thread 0x0000000015918000  797       3       java.nio.Buffer::position (43 bytes)
Event: 80.631 Thread 0x0000000015918000 nmethod 797 0x000000000360b790 code [0x000000000360b900, 0x000000000360bbc8]
Event: 80.646 Thread 0x000000001590e000 nmethod 796 0x0000000003613910 code [0x0000000003613aa0, 0x0000000003614638]
Event: 80.789 Thread 0x0000000015911800  798       4       java.util.concurrent.locks.ReentrantLock$Sync::tryRelease (45 bytes)
Event: 80.791 Thread 0x0000000015911800 nmethod 798 0x000000000360e490 code [0x000000000360e5c0, 0x000000000360e678]
Event: 81.534 Thread 0x0000000015918000  799   !   3       view.TelaHome::onEvent (83 bytes)
Event: 81.536 Thread 0x0000000015918000 nmethod 799 0x000000000360ac90 code [0x000000000360ae60, 0x000000000360b448]

GC Heap History (2 events):
Event: 17.365 GC heap before
{Heap before GC invocations=1 (full 0):
 PSYoungGen      total 18944K, used 16384K [0x00000000eaf00000, 0x00000000ec400000, 0x0000000100000000)
  eden space 16384K, 100% used [0x00000000eaf00000,0x00000000ebf00000,0x00000000ebf00000)
  from space 2560K, 0% used [0x00000000ec180000,0x00000000ec180000,0x00000000ec400000)
  to   space 2560K, 0% used [0x00000000ebf00000,0x00000000ebf00000,0x00000000ec180000)
 ParOldGen       total 44032K, used 0K [0x00000000c0c00000, 0x00000000c3700000, 0x00000000eaf00000)
  object space 44032K, 0% used [0x00000000c0c00000,0x00000000c0c00000,0x00000000c3700000)
 Metaspace       used 11344K, capacity 11558K, committed 11904K, reserved 1060864K
  class space    used 1252K, capacity 1312K, committed 1408K, reserved 1048576K
Event: 17.372 GC heap after
Heap after GC invocations=1 (full 0):
 PSYoungGen      total 18944K, used 2559K [0x00000000eaf00000, 0x00000000ec400000, 0x0000000100000000)
  eden space 16384K, 0% used [0x00000000eaf00000,0x00000000eaf00000,0x00000000ebf00000)
  from space 2560K, 99% used [0x00000000ebf00000,0x00000000ec17fe90,0x00000000ec180000)
  to   space 2560K, 0% used [0x00000000ec180000,0x00000000ec180000,0x00000000ec400000)
 ParOldGen       total 44032K, used 4615K [0x00000000c0c00000, 0x00000000c3700000, 0x00000000eaf00000)
  object space 44032K, 10% used [0x00000000c0c00000,0x00000000c1081f40,0x00000000c3700000)
 Metaspace       used 11344K, capacity 11558K, committed 11904K, reserved 1060864K
  class space    used 1252K, capacity 1312K, committed 1408K, reserved 1048576K
}

Deoptimization events (8 events):
Event: 0.503 Thread 0x000000000196d800 Uncommon trap: reason=unstable_if action=reinterpret pc=0x000000000346c4a8 method=java.lang.String.indexOf([CII[CIII)I @ 134
Event: 0.633 Thread 0x0000000017e82000 Uncommon trap: reason=unstable_if action=reinterpret pc=0x0000000003470ea8 method=java.lang.String.startsWith(Ljava/lang/String;I)Z @ 25
Event: 2.447 Thread 0x0000000017e82000 Uncommon trap: reason=unstable_if action=reinterpret pc=0x00000000034f00c4 method=org.sqlite.SQLiteJDBCLoader.contentsEquals(Ljava/io/InputStream;Ljava/io/InputStream;)Z @ 39
Event: 17.039 Thread 0x0000000017e82000 Uncommon trap: reason=unstable_if action=reinterpret pc=0x0000000003558b50 method=totalcross.ui.gfx.Graphics.drawText(Ljava/lang/String;III)V @ 1097
Event: 17.039 Thread 0x0000000017e82000 Uncommon trap: reason=unstable_if action=reinterpret pc=0x000000000354f2c4 method=totalcross.ui.gfx.Graphics.drawText(Ljava/lang/String;III)V @ 529
Event: 18.237 Thread 0x0000000017e82000 Uncommon trap: reason=unstable_if action=reinterpret pc=0x000000000356bc4c method=totalcross.ui.gfx.Graphics.translateAndClip(IIII)Z @ 69
Event: 81.973 Thread 0x0000000017651800 Uncommon trap: reason=unstable_if action=reinterpret pc=0x00000000036107c4 method=totalcross.TCEventThread.invokeInEventThread(ZLjava/lang/Runnable;)V @ 1
Event: 81.973 Thread 0x0000000017e82000 Uncommon trap: reason=class_check action=maybe_recompile pc=0x000000000360d300 method=totalcross.TCEventThread.privatePumpEvents()V @ 52

Internal exceptions (10 events):
Event: 17.038 Thread 0x0000000017e82000 Exception <a 'java/io/FileNotFoundException'> (0x00000000ebe84928) thrown at [C:\workspace\8-2-build-windows-amd64-cygwin\jdk8u65\4987\hotspot\src\share\vm\prims\jni.cpp, line 709]
Event: 17.038 Thread 0x0000000017e82000 Exception <a 'java/io/FileNotFoundException'> (0x00000000ebe854c8) thrown at [C:\workspace\8-2-build-windows-amd64-cygwin\jdk8u65\4987\hotspot\src\share\vm\prims\jni.cpp, line 709]
Event: 17.038 Thread 0x0000000017e82000 Exception <a 'java/io/FileNotFoundException'> (0x00000000ebe862c8) thrown at [C:\workspace\8-2-build-windows-amd64-cygwin\jdk8u65\4987\hotspot\src\share\vm\prims\jni.cpp, line 709]
Event: 80.630 Thread 0x0000000017e82000 Exception <a 'java/io/FileNotFoundException'> (0x00000000eaff3c10) thrown at [C:\workspace\8-2-build-windows-amd64-cygwin\jdk8u65\4987\hotspot\src\share\vm\prims\jni.cpp, line 709]
Event: 80.630 Thread 0x0000000017e82000 Exception <a 'java/io/FileNotFoundException'> (0x00000000eaff4998) thrown at [C:\workspace\8-2-build-windows-amd64-cygwin\jdk8u65\4987\hotspot\src\share\vm\prims\jni.cpp, line 709]
Event: 80.630 Thread 0x0000000017e82000 Exception <a 'java/io/FileNotFoundException'> (0x00000000eaff5980) thrown at [C:\workspace\8-2-build-windows-amd64-cygwin\jdk8u65\4987\hotspot\src\share\vm\prims\jni.cpp, line 709]
Event: 81.974 Thread 0x0000000017e82000 Exception <a 'java/io/FileNotFoundException'> (0x00000000eaffabd8) thrown at [C:\workspace\8-2-build-windows-amd64-cygwin\jdk8u65\4987\hotspot\src\share\vm\prims\jni.cpp, line 709]
Event: 81.974 Thread 0x0000000017e82000 Exception <a 'java/io/FileNotFoundException'> (0x00000000eaffba50) thrown at [C:\workspace\8-2-build-windows-amd64-cygwin\jdk8u65\4987\hotspot\src\share\vm\prims\jni.cpp, line 709]
Event: 81.974 Thread 0x0000000017e82000 Exception <a 'java/io/FileNotFoundException'> (0x00000000eaffcbf0) thrown at [C:\workspace\8-2-build-windows-amd64-cygwin\jdk8u65\4987\hotspot\src\share\vm\prims\jni.cpp, line 709]
Event: 81.975 Thread 0x0000000017d1a800 Exception <a 'java/lang/InterruptedException': sleep interrupted> (0x00000000eb0b65d8) thrown at [C:\workspace\8-2-build-windows-amd64-cygwin\jdk8u65\4987\hotspot\src\share\vm\prims\jvm.cpp, line 3215]

Events (10 events):
Event: 82.078 Executing VM operation: RevokeBias
Event: 82.079 Executing VM operation: RevokeBias done
Event: 82.079 Executing VM operation: RevokeBias
Event: 82.079 Executing VM operation: RevokeBias done
Event: 82.079 Executing VM operation: RevokeBias
Event: 82.079 Executing VM operation: RevokeBias done
Event: 82.079 Executing VM operation: RevokeBias
Event: 82.079 Executing VM operation: RevokeBias done
Event: 82.079 Executing VM operation: RevokeBias
Event: 82.079 Executing VM operation: RevokeBias done


Dynamic libraries:
0x00007ff7ce550000 - 0x00007ff7ce587000 	C:\Program Files\Java\jdk1.8.0_65\bin\javaw.exe
0x00007ffeb12d0000 - 0x00007ffeb14a1000 	C:\WINDOWS\SYSTEM32\ntdll.dll
0x00007ffeaeba0000 - 0x00007ffeaec4b000 	C:\WINDOWS\System32\KERNEL32.DLL
0x00007ffeadcd0000 - 0x00007ffeadeed000 	C:\WINDOWS\System32\KERNELBASE.dll
0x00007ffeaf4b0000 - 0x00007ffeaf552000 	C:\WINDOWS\System32\ADVAPI32.dll
0x00007ffeb0bc0000 - 0x00007ffeb0c5e000 	C:\WINDOWS\System32\msvcrt.dll
0x00007ffeb1210000 - 0x00007ffeb1269000 	C:\WINDOWS\System32\sechost.dll
0x00007ffeb0c60000 - 0x00007ffeb0d81000 	C:\WINDOWS\System32\RPCRT4.dll
0x00007ffeaf1a0000 - 0x00007ffeaf305000 	C:\WINDOWS\System32\USER32.dll
0x00007ffeae7a0000 - 0x00007ffeae7be000 	C:\WINDOWS\System32\win32u.dll
0x00007ffeaec50000 - 0x00007ffeaec84000 	C:\WINDOWS\System32\GDI32.dll
0x00007ffeada90000 - 0x00007ffeadc12000 	C:\WINDOWS\System32\gdi32full.dll
0x00007ffe9db40000 - 0x00007ffe9ddb9000 	C:\WINDOWS\WinSxS\amd64_microsoft.windows.common-controls_6595b64144ccf1df_6.0.14393.447_none_42191651c6827bb3\COMCTL32.dll
0x00007ffeae860000 - 0x00007ffeaeb27000 	C:\WINDOWS\System32\combase.dll
0x00007ffead990000 - 0x00007ffeada85000 	C:\WINDOWS\System32\ucrtbase.dll
0x00007ffeadef0000 - 0x00007ffeadf5a000 	C:\WINDOWS\System32\bcryptPrimitives.dll
0x00007ffeb0db0000 - 0x00007ffeb0dde000 	C:\WINDOWS\System32\IMM32.DLL
0x00000000709d0000 - 0x0000000070aa2000 	C:\Program Files\Java\jdk1.8.0_65\jre\bin\msvcr100.dll
0x0000000070140000 - 0x00000000709c9000 	C:\Program Files\Java\jdk1.8.0_65\jre\bin\server\jvm.dll
0x00007ffeaeff0000 - 0x00007ffeaeff8000 	C:\WINDOWS\System32\PSAPI.DLL
0x00007ffea0870000 - 0x00007ffea0879000 	C:\WINDOWS\SYSTEM32\WSOCK32.dll
0x00007ffeaedc0000 - 0x00007ffeaee2a000 	C:\WINDOWS\System32\WS2_32.dll
0x00007ffeab530000 - 0x00007ffeab553000 	C:\WINDOWS\SYSTEM32\WINMM.dll
0x00007ffea0c50000 - 0x00007ffea0c5a000 	C:\WINDOWS\SYSTEM32\VERSION.dll
0x00007ffeab410000 - 0x00007ffeab43b000 	C:\WINDOWS\SYSTEM32\WINMMBASE.dll
0x00007ffeae010000 - 0x00007ffeae052000 	C:\WINDOWS\System32\cfgmgr32.dll
0x00000000714b0000 - 0x00000000714bf000 	C:\Program Files\Java\jdk1.8.0_65\jre\bin\verify.dll
0x0000000071480000 - 0x00000000714a9000 	C:\Program Files\Java\jdk1.8.0_65\jre\bin\java.dll
0x0000000070120000 - 0x0000000070136000 	C:\Program Files\Java\jdk1.8.0_65\jre\bin\zip.dll
0x00007ffeaf6b0000 - 0x00007ffeb0bb9000 	C:\WINDOWS\System32\SHELL32.dll
0x00007ffeae0c0000 - 0x00007ffeae79a000 	C:\WINDOWS\System32\windows.storage.dll
0x00007ffead730000 - 0x00007ffead77c000 	C:\WINDOWS\System32\powrprof.dll
0x00007ffeaeb40000 - 0x00007ffeaeb92000 	C:\WINDOWS\System32\shlwapi.dll
0x00007ffead7b0000 - 0x00007ffead7bf000 	C:\WINDOWS\System32\kernel.appcore.dll
0x00007ffeadf60000 - 0x00007ffeae009000 	C:\WINDOWS\System32\shcore.dll
0x00007ffead780000 - 0x00007ffead794000 	C:\WINDOWS\System32\profapi.dll
0x000000006ff80000 - 0x0000000070118000 	C:\Program Files\Java\jdk1.8.0_65\jre\bin\awt.dll
0x00007ffeaed00000 - 0x00007ffeaedbf000 	C:\WINDOWS\System32\OLEAUT32.dll
0x00007ffeae7c0000 - 0x00007ffeae85c000 	C:\WINDOWS\System32\msvcp_win.dll
0x00007ffeabad0000 - 0x00007ffeabb4a000 	C:\WINDOWS\SYSTEM32\apphelp.dll
0x00007ffeab3b0000 - 0x00007ffeab3d6000 	C:\WINDOWS\system32\DWMAPI.DLL
0x00007ffeabe80000 - 0x00007ffeabf15000 	C:\WINDOWS\system32\uxtheme.dll
0x00007ffeaee30000 - 0x00007ffeaef8b000 	C:\WINDOWS\System32\MSCTF.dll
0x00007ffeaf560000 - 0x00007ffeaf697000 	C:\WINDOWS\System32\ole32.dll
0x000000006ff30000 - 0x000000006ff77000 	C:\Program Files\Java\jdk1.8.0_65\jre\bin\fontmanager.dll
0x00007ffe91660000 - 0x00007ffe916f6000 	C:\WINDOWS\system32\RICHED20.DLL
0x00007ffea55f0000 - 0x00007ffea5609000 	C:\WINDOWS\SYSTEM32\USP10.dll
0x00007ffe9f620000 - 0x00007ffe9f659000 	C:\WINDOWS\SYSTEM32\msls31.dll
0x00007ffeaf410000 - 0x00007ffeaf4af000 	C:\WINDOWS\System32\clbcatq.dll
0x00007ffead670000 - 0x00007ffead69b000 	C:\WINDOWS\system32\bcrypt.dll
0x000000006ff10000 - 0x000000006ff2a000 	C:\Program Files\Java\jdk1.8.0_65\jre\bin\net.dll
0x00007ffeacf30000 - 0x00007ffeacf8c000 	C:\WINDOWS\system32\mswsock.dll
0x00007ffeacd00000 - 0x00007ffeacda0000 	C:\WINDOWS\SYSTEM32\DNSAPI.dll
0x00007ffeaf6a0000 - 0x00007ffeaf6a8000 	C:\WINDOWS\System32\NSI.dll
0x00007ffeaccc0000 - 0x00007ffeaccf8000 	C:\WINDOWS\SYSTEM32\IPHLPAPI.DLL
0x00007ffea40f0000 - 0x00007ffea40fa000 	C:\Windows\System32\rasadhlp.dll
0x00007ffea65a0000 - 0x00007ffea660a000 	C:\WINDOWS\System32\fwpuclnt.dll
0x00007ffead1a0000 - 0x00007ffead1b7000 	C:\WINDOWS\SYSTEM32\CRYPTSP.dll
0x00007ffead0b0000 - 0x00007ffead0e3000 	C:\WINDOWS\system32\rsaenh.dll
0x00007ffeacdb0000 - 0x00007ffeacdcf000 	C:\WINDOWS\SYSTEM32\USERENV.dll
0x00007ffead1c0000 - 0x00007ffead1cb000 	C:\WINDOWS\SYSTEM32\CRYPTBASE.dll
0x00007ffea7f50000 - 0x00007ffea7f66000 	C:\WINDOWS\SYSTEM32\dhcpcsvc6.DLL
0x00007ffea7f30000 - 0x00007ffea7f4a000 	C:\WINDOWS\SYSTEM32\dhcpcsvc.DLL
0x000000006fef0000 - 0x000000006ff01000 	C:\Program Files\Java\jdk1.8.0_65\jre\bin\nio.dll
0x00007ffea2e40000 - 0x00007ffea2fd2000 	C:\WINDOWS\SYSTEM32\dbghelp.dll

VM Arguments:
jvm_args: -Dfile.encoding=Cp1252 
java_command: totalcross.Launcher /scr android /r 5443535453E9A8BDD341F182 view.TelaHome
java_class_path (initial): C:\Users\delan\Documents\workspaceEclipseMars\ProjetoTeste\bin;C:\TotalCross3\dist\tc.jar
Launcher Type: SUN_STANDARD

Environment Variables:
JAVA_HOME=C:\Program Files\Java\jdk1.7.0_79
PATH=C:\Program Files (x86)\NVIDIA Corporation\PhysX\Common;C:\ProgramData\Oracle\Java\javapath;C:\WINDOWS\system32;C:\WINDOWS;C:\WINDOWS\System32\Wbem;C:\WINDOWS\System32\WindowsPowerShell\v1.0\;C:\Users\delan\Downloads\apache-maven-3.3.3\\bin;C:\Program Files\MongoDB\Server\3.0\bin;C:\Program Files (x86)\CloudFoundry;C:\Program Files (x86)\Heroku\bin;C:\Program Files (x86)\git\cmd;C:\Users\delan\Documents\play-2.2.6\play-2.2.6;C:\Program Files\nodejs\;C:\Python25;C:\RailsInstaller\Ruby2.2.0\bin;C:\Users\delan\AppData\Local\Programs\Python\Python35-32\Scripts\;C:\Users\delan\AppData\Local\Programs\Python\Python35-32\;C:\RailsInstaller\Git\cmd;C:\RailsInstaller\Ruby2.2.0\bin;C:\Program Files\Java\jdk1.7.0_79\bin;C:\Users\delan\AppData\Roaming\npm;C:\Users\delan\AppData\Local\atom\bin;C:\Users\delan\AppData\Local\Microsoft\WindowsApps;C:\TotalCross3\dist\vm\win32
USERNAME=delan
OS=Windows_NT
PROCESSOR_IDENTIFIER=Intel64 Family 6 Model 42 Stepping 7, GenuineIntel



---------------  S Y S T E M  ---------------

OS: Windows 10.0 , 64 bit Build 14393 (10.0.14393.0)

CPU:total 4 (2 cores per cpu, 2 threads per core) family 6 model 42 stepping 7, cmov, cx8, fxsr, mmx, sse, sse2, sse3, ssse3, sse4.1, sse4.2, popcnt, avx, clmul, ht, tsc, tscinvbit

Memory: 4k page, physical 4140908k(923508k free), swap 5386092k(791476k free)

vm_info: Java HotSpot(TM) 64-Bit Server VM (25.65-b01) for windows-amd64 JRE (1.8.0_65-b17), built on Oct  6 2015 16:39:20 by "java_re" with MS VC++ 10.0 (VS2010)

time: Fri Nov 25 21:02:08 2016
elapsed time: 82 seconds (0d 0h 1m 22s)

